# JRE version: OpenJDK Runtime Environment (7.0_75-b13) (build 1.7.0_75-b13)
# Java VM: OpenJDK 64-Bit Server VM (24.75-b04 mixed mode linux-amd64 compressed oops)
Heap
 def new generation   total 15168K, used 10860K [0x00000000cc000000, 0x00000000cd070000, 0x00000000d9e00000)
  eden space 13504K,  70% used [0x00000000cc000000, 0x00000000cc94e1b0, 0x00000000ccd30000)
  from space 1664K,  80% used [0x00000000ccd30000, 0x00000000cce7d1b0, 0x00000000cced0000)
  to   space 1664K,   0% used [0x00000000cced0000, 0x00000000cced0000, 0x00000000cd070000)
 tenured generation   total 33556K, used 20132K [0x00000000d9e00000, 0x00000000dbec5000, 0x00000000f5a00000)
   the space 33556K,  59% used [0x00000000d9e00000, 0x00000000db1a90d8, 0x00000000db1a9200, 0x00000000dbec5000)
 compacting perm gen  total 21248K, used 10546K [0x00000000f5a00000, 0x00000000f6ec0000, 0x0000000100000000)
   the space 21248K,  49% used [0x00000000f5a00000, 0x00000000f644c980, 0x00000000f644ca00, 0x00000000f6ec0000)
GC Heap History (10 events):
Event: 13.993 GC heap before
{Heap before GC invocations=15 (full 0):
 def new generation   total 9664K, used 9664K [0x00000000cc000000, 0x00000000cca70000, 0x00000000d9e00000)
  eden space 8640K, 100% used [0x00000000cc000000, 0x00000000cc870000, 0x00000000cc870000)
  from space 1024K, 100% used [0x00000000cc970000, 0x00000000cca70000, 0x00000000cca70000)
  to   space 1024K,   0% used [0x00000000cc870000, 0x00000000cc870000, 0x00000000cc970000)
 tenured generation   total 21376K, used 20052K [0x00000000d9e00000, 0x00000000db2e0000, 0x00000000f5a00000)
   the space 21376K,  93% used [0x00000000d9e00000, 0x00000000db195128, 0x00000000db195200, 0x00000000db2e0000)
 compacting perm gen  total 21248K, used 10355K [0x00000000f5a00000, 0x00000000f6ec0000, 0x0000000100000000)
   the space 21248K,  48% used [0x00000000f5a00000, 0x00000000f641cde8, 0x00000000f641ce00, 0x00000000f6ec0000)
No shared spaces configured.
Event: 13.996 GC heap after
Heap after GC invocations=16 (full 0):
 def new generation   total 9664K, used 507K [0x00000000cc000000, 0x00000000cca70000, 0x00000000d9e00000)
  eden space 8640K,   0% used [0x00000000cc000000, 0x00000000cc000000, 0x00000000cc870000)
  from space 1024K,  49% used [0x00000000cc870000, 0x00000000cc8eee30, 0x00000000cc970000)
  to   space 1024K,   0% used [0x00000000cc970000, 0x00000000cc970000, 0x00000000cca70000)
 tenured generation   total 21376K, used 20991K [0x00000000d9e00000, 0x00000000db2e0000, 0x00000000f5a00000)
   the space 21376K,  98% used [0x00000000d9e00000, 0x00000000db27fc80, 0x00000000db27fe00, 0x00000000db2e0000)
 compacting perm gen  total 21248K, used 10355K [0x00000000f5a00000, 0x00000000f6ec0000, 0x0000000100000000)
   the space 21248K,  48% used [0x00000000f5a00000, 0x00000000f641cde8, 0x00000000f641ce00, 0x00000000f6ec0000)
No shared spaces configured.
}
Event: 14.561 GC heap before
{Heap before GC invocations=16 (full 0):
 def new generation   total 9664K, used 9147K [0x00000000cc000000, 0x00000000cca70000, 0x00000000d9e00000)
  eden space 8640K, 100% used [0x00000000cc000000, 0x00000000cc870000, 0x00000000cc870000)
  from space 1024K,  49% used [0x00000000cc870000, 0x00000000cc8eee30, 0x00000000cc970000)
  to   space 1024K,   0% used [0x00000000cc970000, 0x00000000cc970000, 0x00000000cca70000)
 tenured generation   total 21376K, used 20991K [0x00000000d9e00000, 0x00000000db2e0000, 0x00000000f5a00000)
   the space 21376K,  98% used [0x00000000d9e00000, 0x00000000db27fc80, 0x00000000db27fe00, 0x00000000db2e0000)
 compacting perm gen  total 21248K, used 10367K [0x00000000f5a00000, 0x00000000f6ec0000, 0x0000000100000000)
   the space 21248K,  48% used [0x00000000f5a00000, 0x00000000f641fe20, 0x00000000f6420000, 0x00000000f6ec0000)
No shared spaces configured.
Event: 14.564 GC heap after
Heap after GC invocations=17 (full 0):
 def new generation   total 9664K, used 747K [0x00000000cc000000, 0x00000000cca70000, 0x00000000d9e00000)
  eden space 8640K,   0% used [0x00000000cc000000, 0x00000000cc000000, 0x00000000cc870000)
  from space 1024K,  72% used [0x00000000cc970000, 0x00000000cca2ac08, 0x00000000cca70000)
  to   space 1024K,   0% used [0x00000000cc870000, 0x00000000cc870000, 0x00000000cc970000)
 tenured generation   total 21376K, used 20991K [0x00000000d9e00000, 0x00000000db2e0000, 0x00000000f5a00000)
   the space 21376K,  98% used [0x00000000d9e00000, 0x00000000db27fc80, 0x00000000db27fe00, 0x00000000db2e0000)
 compacting perm gen  total 21248K, used 10367K [0x00000000f5a00000, 0x00000000f6ec0000, 0x0000000100000000)
   the space 21248K,  48% used [0x00000000f5a00000, 0x00000000f641fe20, 0x00000000f6420000, 0x00000000f6ec0000)
No shared spaces configured.
}
Event: 15.001 GC heap before
{Heap before GC invocations=17 (full 0):
 def new generation   total 9664K, used 9387K [0x00000000cc000000, 0x00000000cca70000, 0x00000000d9e00000)
  eden space 8640K, 100% used [0x00000000cc000000, 0x00000000cc870000, 0x00000000cc870000)
  from space 1024K,  72% used [0x00000000cc970000, 0x00000000cca2ac08, 0x00000000cca70000)
  to   space 1024K,   0% used [0x00000000cc870000, 0x00000000cc870000, 0x00000000cc970000)
 tenured generation   total 21376K, used 20991K [0x00000000d9e00000, 0x00000000db2e0000, 0x00000000f5a00000)
   the space 21376K,  98% used [0x00000000d9e00000, 0x00000000db27fc80, 0x00000000db27fe00, 0x00000000db2e0000)
 compacting perm gen  total 21248K, used 10387K [0x00000000f5a00000, 0x00000000f6ec0000, 0x0000000100000000)
   the space 21248K,  48% used [0x00000000f5a00000, 0x00000000f6424fa0, 0x00000000f6425000, 0x00000000f6ec0000)
No shared spaces configured.
Event: 15.284 GC heap after
Heap after GC invocations=18 (full 1):
 def new generation   total 15168K, used 0K [0x00000000cc000000, 0x00000000cd070000, 0x00000000d9e00000)
  eden space 13504K,   0% used [0x00000000cc000000, 0x00000000cc000000, 0x00000000ccd30000)
  from space 1664K,   0% used [0x00000000ccd30000, 0x00000000ccd30000, 0x00000000cced0000)
  to   space 1664K,   0% used [0x00000000cced0000, 0x00000000cced0000, 0x00000000cd070000)
 tenured generation   total 33556K, used 20132K [0x00000000d9e00000, 0x00000000dbec5000, 0x00000000f5a00000)
   the space 33556K,  59% used [0x00000000d9e00000, 0x00000000db1a90d8, 0x00000000db1a9200, 0x00000000dbec5000)
 compacting perm gen  total 21248K, used 10387K [0x00000000f5a00000, 0x00000000f6ec0000, 0x0000000100000000)
   the space 21248K,  48% used [0x00000000f5a00000, 0x00000000f6424fa0, 0x00000000f6425000, 0x00000000f6ec0000)
No shared spaces configured.
}
Event: 16.258 GC heap before
{Heap before GC invocations=18 (full 1):
 def new generation   total 15168K, used 13504K [0x00000000cc000000, 0x00000000cd070000, 0x00000000d9e00000)
  eden space 13504K, 100% used [0x00000000cc000000, 0x00000000ccd30000, 0x00000000ccd30000)
  from space 1664K,   0% used [0x00000000ccd30000, 0x00000000ccd30000, 0x00000000cced0000)
  to   space 1664K,   0% used [0x00000000cced0000, 0x00000000cced0000, 0x00000000cd070000)
 tenured generation   total 33556K, used 20132K [0x00000000d9e00000, 0x00000000dbec5000, 0x00000000f5a00000)
   the space 33556K,  59% used [0x00000000d9e00000, 0x00000000db1a90d8, 0x00000000db1a9200, 0x00000000dbec5000)
 compacting perm gen  total 21248K, used 10444K [0x00000000f5a00000, 0x00000000f6ec0000, 0x0000000100000000)
   the space 21248K,  49% used [0x00000000f5a00000, 0x00000000f64332c0, 0x00000000f6433400, 0x00000000f6ec0000)
No shared spaces configured.
Event: 16.262 GC heap after
Heap after GC invocations=19 (full 1):
 def new generation   total 15168K, used 643K [0x00000000cc000000, 0x00000000cd070000, 0x00000000d9e00000)
  eden space 13504K,   0% used [0x00000000cc000000, 0x00000000cc000000, 0x00000000ccd30000)
  from space 1664K,  38% used [0x00000000cced0000, 0x00000000ccf70f88, 0x00000000cd070000)
  to   space 1664K,   0% used [0x00000000ccd30000, 0x00000000ccd30000, 0x00000000cced0000)
 tenured generation   total 33556K, used 20132K [0x00000000d9e00000, 0x00000000dbec5000, 0x00000000f5a00000)
   the space 33556K,  59% used [0x00000000d9e00000, 0x00000000db1a90d8, 0x00000000db1a9200, 0x00000000dbec5000)
 compacting perm gen  total 21248K, used 10444K [0x00000000f5a00000, 0x00000000f6ec0000, 0x0000000100000000)
   the space 21248K,  49% used [0x00000000f5a00000, 0x00000000f64332c0, 0x00000000f6433400, 0x00000000f6ec0000)
No shared spaces configured.
}
Event: 17.515 GC heap before
{Heap before GC invocations=19 (full 1):
 def new generation   total 15168K, used 14147K [0x00000000cc000000, 0x00000000cd070000, 0x00000000d9e00000)
  eden space 13504K, 100% used [0x00000000cc000000, 0x00000000ccd30000, 0x00000000ccd30000)
  from space 1664K,  38% used [0x00000000cced0000, 0x00000000ccf70f88, 0x00000000cd070000)
  to   space 1664K,   0% used [0x00000000ccd30000, 0x00000000ccd30000, 0x00000000cced0000)
 tenured generation   total 33556K, used 20132K [0x00000000d9e00000, 0x00000000dbec5000, 0x00000000f5a00000)
   the space 33556K,  59% used [0x00000000d9e00000, 0x00000000db1a90d8, 0x00000000db1a9200, 0x00000000dbec5000)
 compacting perm gen  total 21248K, used 10471K [0x00000000f5a00000, 0x00000000f6ec0000, 0x0000000100000000)
   the space 21248K,  49% used [0x00000000f5a00000, 0x00000000f6439fd8, 0x00000000f643a000, 0x00000000f6ec0000)
No shared spaces configured.
Event: 17.520 GC heap after
Heap after GC invocations=20 (full 1):
 def new generation   total 15168K, used 1332K [0x00000000cc000000, 0x00000000cd070000, 0x00000000d9e00000)
  eden space 13504K,   0% used [0x00000000cc000000, 0x00000000cc000000, 0x00000000ccd30000)
  from space 1664K,  80% used [0x00000000ccd30000, 0x00000000cce7d1b0, 0x00000000cced0000)
  to   space 1664K,   0% used [0x00000000cced0000, 0x00000000cced0000, 0x00000000cd070000)
 tenured generation   total 33556K, used 20132K [0x00000000d9e00000, 0x00000000dbec5000, 0x00000000f5a00000)
   the space 33556K,  59% used [0x00000000d9e00000, 0x00000000db1a90d8, 0x00000000db1a9200, 0x00000000dbec5000)
 compacting perm gen  total 21248K, used 10471K [0x00000000f5a00000, 0x00000000f6ec0000, 0x0000000100000000)
   the space 21248K,  49% used [0x00000000f5a00000, 0x00000000f6439fd8, 0x00000000f643a000, 0x00000000f6ec0000)
No shared spaces configured.
}

