# JRE version: OpenJDK Runtime Environment (7.0_75-b13) (build 1.7.0_75-b13)
# Java VM: OpenJDK 64-Bit Server VM (24.75-b04 mixed mode linux-amd64 compressed oops)
Heap
 def new generation   total 22464K, used 9271K [0x00000000cc000000, 0x00000000cd850000, 0x00000000d9e00000)
  eden space 20032K,  34% used [0x00000000cc000000, 0x00000000cc6adcf8, 0x00000000cd390000)
  from space 2432K,  99% used [0x00000000cd5f0000, 0x00000000cd84fff8, 0x00000000cd850000)
  to   space 2432K,   0% used [0x00000000cd390000, 0x00000000cd390000, 0x00000000cd5f0000)
 tenured generation   total 49700K, used 48083K [0x00000000d9e00000, 0x00000000dce89000, 0x00000000f5a00000)
   the space 49700K,  96% used [0x00000000d9e00000, 0x00000000dccf4d40, 0x00000000dccf4e00, 0x00000000dce89000)
 compacting perm gen  total 21248K, used 11528K [0x00000000f5a00000, 0x00000000f6ec0000, 0x0000000100000000)
   the space 21248K,  54% used [0x00000000f5a00000, 0x00000000f65422a0, 0x00000000f6542400, 0x00000000f6ec0000)
GC Heap History (10 events):
Event: 157.683 GC heap before
{Heap before GC invocations=391 (full 6):
 def new generation   total 22464K, used 21162K [0x00000000cc000000, 0x00000000cd850000, 0x00000000d9e00000)
  eden space 20032K, 100% used [0x00000000cc000000, 0x00000000cd390000, 0x00000000cd390000)
  from space 2432K,  46% used [0x00000000cd390000, 0x00000000cd4aaa10, 0x00000000cd5f0000)
  to   space 2432K,   0% used [0x00000000cd5f0000, 0x00000000cd5f0000, 0x00000000cd850000)
 tenured generation   total 49700K, used 38787K [0x00000000d9e00000, 0x00000000dce89000, 0x00000000f5a00000)
   the space 49700K,  78% used [0x00000000d9e00000, 0x00000000dc3e0e78, 0x00000000dc3e1000, 0x00000000dce89000)
 compacting perm gen  total 21248K, used 11522K [0x00000000f5a00000, 0x00000000f6ec0000, 0x0000000100000000)
   the space 21248K,  54% used [0x00000000f5a00000, 0x00000000f6540af8, 0x00000000f6540c00, 0x00000000f6ec0000)
No shared spaces configured.
Event: 157.696 GC heap after
Heap after GC invocations=392 (full 6):
 def new generation   total 22464K, used 2432K [0x00000000cc000000, 0x00000000cd850000, 0x00000000d9e00000)
  eden space 20032K,   0% used [0x00000000cc000000, 0x00000000cc000000, 0x00000000cd390000)
  from space 2432K, 100% used [0x00000000cd5f0000, 0x00000000cd850000, 0x00000000cd850000)
  to   space 2432K,   0% used [0x00000000cd390000, 0x00000000cd390000, 0x00000000cd5f0000)
 tenured generation   total 49700K, used 39392K [0x00000000d9e00000, 0x00000000dce89000, 0x00000000f5a00000)
   the space 49700K,  79% used [0x00000000d9e00000, 0x00000000dc478098, 0x00000000dc478200, 0x00000000dce89000)
 compacting perm gen  total 21248K, used 11522K [0x00000000f5a00000, 0x00000000f6ec0000, 0x0000000100000000)
   the space 21248K,  54% used [0x00000000f5a00000, 0x00000000f6540af8, 0x00000000f6540c00, 0x00000000f6ec0000)
No shared spaces configured.
}
Event: 158.315 GC heap before
{Heap before GC invocations=392 (full 6):
 def new generation   total 22464K, used 22464K [0x00000000cc000000, 0x00000000cd850000, 0x00000000d9e00000)
  eden space 20032K, 100% used [0x00000000cc000000, 0x00000000cd390000, 0x00000000cd390000)
  from space 2432K, 100% used [0x00000000cd5f0000, 0x00000000cd850000, 0x00000000cd850000)
  to   space 2432K,   0% used [0x00000000cd390000, 0x00000000cd390000, 0x00000000cd5f0000)
 tenured generation   total 49700K, used 39392K [0x00000000d9e00000, 0x00000000dce89000, 0x00000000f5a00000)
   the space 49700K,  79% used [0x00000000d9e00000, 0x00000000dc478098, 0x00000000dc478200, 0x00000000dce89000)
 compacting perm gen  total 21248K, used 11525K [0x00000000f5a00000, 0x00000000f6ec0000, 0x0000000100000000)
   the space 21248K,  54% used [0x00000000f5a00000, 0x00000000f6541410, 0x00000000f6541600, 0x00000000f6ec0000)
No shared spaces configured.
Event: 158.364 GC heap after
Heap after GC invocations=393 (full 6):
 def new generation   total 22464K, used 864K [0x00000000cc000000, 0x00000000cd850000, 0x00000000d9e00000)
  eden space 20032K,   0% used [0x00000000cc000000, 0x00000000cc000000, 0x00000000cd390000)
  from space 2432K,  35% used [0x00000000cd390000, 0x00000000cd4681e8, 0x00000000cd5f0000)
  to   space 2432K,   0% used [0x00000000cd5f0000, 0x00000000cd5f0000, 0x00000000cd850000)
 tenured generation   total 49700K, used 41801K [0x00000000d9e00000, 0x00000000dce89000, 0x00000000f5a00000)
   the space 49700K,  84% used [0x00000000d9e00000, 0x00000000dc6d26b8, 0x00000000dc6d2800, 0x00000000dce89000)
 compacting perm gen  total 21248K, used 11525K [0x00000000f5a00000, 0x00000000f6ec0000, 0x0000000100000000)
   the space 21248K,  54% used [0x00000000f5a00000, 0x00000000f6541410, 0x00000000f6541600, 0x00000000f6ec0000)
No shared spaces configured.
}
Event: 158.784 GC heap before
{Heap before GC invocations=393 (full 6):
 def new generation   total 22464K, used 20896K [0x00000000cc000000, 0x00000000cd850000, 0x00000000d9e00000)
  eden space 20032K, 100% used [0x00000000cc000000, 0x00000000cd390000, 0x00000000cd390000)
  from space 2432K,  35% used [0x00000000cd390000, 0x00000000cd4681e8, 0x00000000cd5f0000)
  to   space 2432K,   0% used [0x00000000cd5f0000, 0x00000000cd5f0000, 0x00000000cd850000)
 tenured generation   total 49700K, used 41801K [0x00000000d9e00000, 0x00000000dce89000, 0x00000000f5a00000)
   the space 49700K,  84% used [0x00000000d9e00000, 0x00000000dc6d26b8, 0x00000000dc6d2800, 0x00000000dce89000)
 compacting perm gen  total 21248K, used 11525K [0x00000000f5a00000, 0x00000000f6ec0000, 0x0000000100000000)
   the space 21248K,  54% used [0x00000000f5a00000, 0x00000000f6541648, 0x00000000f6541800, 0x00000000f6ec0000)
No shared spaces configured.
Event: 158.788 GC heap after
Heap after GC invocations=394 (full 6):
 def new generation   total 22464K, used 2427K [0x00000000cc000000, 0x00000000cd850000, 0x00000000d9e00000)
  eden space 20032K,   0% used [0x00000000cc000000, 0x00000000cc000000, 0x00000000cd390000)
  from space 2432K,  99% used [0x00000000cd5f0000, 0x00000000cd84eec0, 0x00000000cd850000)
  to   space 2432K,   0% used [0x00000000cd390000, 0x00000000cd390000, 0x00000000cd5f0000)
 tenured generation   total 49700K, used 41849K [0x00000000d9e00000, 0x00000000dce89000, 0x00000000f5a00000)
   the space 49700K,  84% used [0x00000000d9e00000, 0x00000000dc6de460, 0x00000000dc6de600, 0x00000000dce89000)
 compacting perm gen  total 21248K, used 11525K [0x00000000f5a00000, 0x00000000f6ec0000, 0x0000000100000000)
   the space 21248K,  54% used [0x00000000f5a00000, 0x00000000f6541648, 0x00000000f6541800, 0x00000000f6ec0000)
No shared spaces configured.
}
Event: 159.264 GC heap before
{Heap before GC invocations=394 (full 6):
 def new generation   total 22464K, used 22459K [0x00000000cc000000, 0x00000000cd850000, 0x00000000d9e00000)
  eden space 20032K, 100% used [0x00000000cc000000, 0x00000000cd390000, 0x00000000cd390000)
  from space 2432K,  99% used [0x00000000cd5f0000, 0x00000000cd84eec0, 0x00000000cd850000)
  to   space 2432K,   0% used [0x00000000cd390000, 0x00000000cd390000, 0x00000000cd5f0000)
 tenured generation   total 49700K, used 41849K [0x00000000d9e00000, 0x00000000dce89000, 0x00000000f5a00000)
   the space 49700K,  84% used [0x00000000d9e00000, 0x00000000dc6de460, 0x00000000dc6de600, 0x00000000dce89000)
 compacting perm gen  total 21248K, used 11526K [0x00000000f5a00000, 0x00000000f6ec0000, 0x0000000100000000)
   the space 21248K,  54% used [0x00000000f5a00000, 0x00000000f6541930, 0x00000000f6541a00, 0x00000000f6ec0000)
No shared spaces configured.
Event: 159.290 GC heap after
Heap after GC invocations=395 (full 6):
 def new generation   total 22464K, used 1795K [0x00000000cc000000, 0x00000000cd850000, 0x00000000d9e00000)
  eden space 20032K,   0% used [0x00000000cc000000, 0x00000000cc000000, 0x00000000cd390000)
  from space 2432K,  73% used [0x00000000cd390000, 0x00000000cd550e88, 0x00000000cd5f0000)
  to   space 2432K,   0% used [0x00000000cd5f0000, 0x00000000cd5f0000, 0x00000000cd850000)
 tenured generation   total 49700K, used 43970K [0x00000000d9e00000, 0x00000000dce89000, 0x00000000f5a00000)
   the space 49700K,  88% used [0x00000000d9e00000, 0x00000000dc8f08f8, 0x00000000dc8f0a00, 0x00000000dce89000)
 compacting perm gen  total 21248K, used 11526K [0x00000000f5a00000, 0x00000000f6ec0000, 0x0000000100000000)
   the space 21248K,  54% used [0x00000000f5a00000, 0x00000000f6541930, 0x00000000f6541a00, 0x00000000f6ec0000)
No shared spaces configured.
}
Event: 159.840 GC heap before
{Heap before GC invocations=395 (full 6):
 def new generation   total 22464K, used 21827K [0x00000000cc000000, 0x00000000cd850000, 0x00000000d9e00000)
  eden space 20032K, 100% used [0x00000000cc000000, 0x00000000cd390000, 0x00000000cd390000)
  from space 2432K,  73% used [0x00000000cd390000, 0x00000000cd550e88, 0x00000000cd5f0000)
  to   space 2432K,   0% used [0x00000000cd5f0000, 0x00000000cd5f0000, 0x00000000cd850000)
 tenured generation   total 49700K, used 43970K [0x00000000d9e00000, 0x00000000dce89000, 0x00000000f5a00000)
   the space 49700K,  88% used [0x00000000d9e00000, 0x00000000dc8f08f8, 0x00000000dc8f0a00, 0x00000000dce89000)
 compacting perm gen  total 21248K, used 11526K [0x00000000f5a00000, 0x00000000f6ec0000, 0x0000000100000000)
   the space 21248K,  54% used [0x00000000f5a00000, 0x00000000f6541b50, 0x00000000f6541c00, 0x00000000f6ec0000)
No shared spaces configured.
Event: 159.966 GC heap after
Heap after GC invocations=396 (full 6):
 def new generation   total 22464K, used 2431K [0x00000000cc000000, 0x00000000cd850000, 0x00000000d9e00000)
  eden space 20032K,   0% used [0x00000000cc000000, 0x00000000cc000000, 0x00000000cd390000)
  from space 2432K,  99% used [0x00000000cd5f0000, 0x00000000cd84fff8, 0x00000000cd850000)
  to   space 2432K,   0% used [0x00000000cd390000, 0x00000000cd390000, 0x00000000cd5f0000)
 tenured generation   total 49700K, used 48083K [0x00000000d9e00000, 0x00000000dce89000, 0x00000000f5a00000)
   the space 49700K,  96% used [0x00000000d9e00000, 0x00000000dccf4d40, 0x00000000dccf4e00, 0x00000000dce89000)
 compacting perm gen  total 21248K, used 11526K [0x00000000f5a00000, 0x00000000f6ec0000, 0x0000000100000000)
   the space 21248K,  54% used [0x00000000f5a00000, 0x00000000f6541b50, 0x00000000f6541c00, 0x00000000f6ec0000)
No shared spaces configured.
}

