# JRE version: OpenJDK Runtime Environment (7.0_75-b13) (build 1.7.0_75-b13)
# Java VM: OpenJDK 64-Bit Server VM (24.75-b04 mixed mode linux-amd64 compressed oops)
Heap
 def new generation   total 9664K, used 2661K [0x00000000cc000000, 0x00000000cca70000, 0x00000000d9e00000)
  eden space 8640K,  24% used [0x00000000cc000000, 0x00000000cc206a80, 0x00000000cc870000)
  from space 1024K,  57% used [0x00000000cc970000, 0x00000000cca02ae0, 0x00000000cca70000)
  to   space 1024K,   0% used [0x00000000cc870000, 0x00000000cc870000, 0x00000000cc970000)
 tenured generation   total 21376K, used 18941K [0x00000000d9e00000, 0x00000000db2e0000, 0x00000000f5a00000)
   the space 21376K,  88% used [0x00000000d9e00000, 0x00000000db07f7f0, 0x00000000db07f800, 0x00000000db2e0000)
 compacting perm gen  total 21248K, used 10516K [0x00000000f5a00000, 0x00000000f6ec0000, 0x0000000100000000)
   the space 21248K,  49% used [0x00000000f5a00000, 0x00000000f64450f8, 0x00000000f6445200, 0x00000000f6ec0000)
GC Heap History (10 events):
Event: 9.485 GC heap before
{Heap before GC invocations=18 (full 0):
 def new generation   total 9664K, used 9605K [0x00000000cc000000, 0x00000000cca70000, 0x00000000d9e00000)
  eden space 8640K, 100% used [0x00000000cc000000, 0x00000000cc870000, 0x00000000cc870000)
  from space 1024K,  94% used [0x00000000cc870000, 0x00000000cc961578, 0x00000000cc970000)
  to   space 1024K,   0% used [0x00000000cc970000, 0x00000000cc970000, 0x00000000cca70000)
 tenured generation   total 21376K, used 17234K [0x00000000d9e00000, 0x00000000db2e0000, 0x00000000f5a00000)
   the space 21376K,  80% used [0x00000000d9e00000, 0x00000000daed4a38, 0x00000000daed4c00, 0x00000000db2e0000)
 compacting perm gen  total 21248K, used 10456K [0x00000000f5a00000, 0x00000000f6ec0000, 0x0000000100000000)
   the space 21248K,  49% used [0x00000000f5a00000, 0x00000000f6436290, 0x00000000f6436400, 0x00000000f6ec0000)
No shared spaces configured.
Event: 9.493 GC heap after
Heap after GC invocations=19 (full 0):
 def new generation   total 9664K, used 1022K [0x00000000cc000000, 0x00000000cca70000, 0x00000000d9e00000)
  eden space 8640K,   0% used [0x00000000cc000000, 0x00000000cc000000, 0x00000000cc870000)
  from space 1024K,  99% used [0x00000000cc970000, 0x00000000cca6f9d0, 0x00000000cca70000)
  to   space 1024K,   0% used [0x00000000cc870000, 0x00000000cc870000, 0x00000000cc970000)
 tenured generation   total 21376K, used 18036K [0x00000000d9e00000, 0x00000000db2e0000, 0x00000000f5a00000)
   the space 21376K,  84% used [0x00000000d9e00000, 0x00000000daf9d380, 0x00000000daf9d400, 0x00000000db2e0000)
 compacting perm gen  total 21248K, used 10456K [0x00000000f5a00000, 0x00000000f6ec0000, 0x0000000100000000)
   the space 21248K,  49% used [0x00000000f5a00000, 0x00000000f6436290, 0x00000000f6436400, 0x00000000f6ec0000)
No shared spaces configured.
}
Event: 10.016 GC heap before
{Heap before GC invocations=19 (full 0):
 def new generation   total 9664K, used 9662K [0x00000000cc000000, 0x00000000cca70000, 0x00000000d9e00000)
  eden space 8640K, 100% used [0x00000000cc000000, 0x00000000cc870000, 0x00000000cc870000)
  from space 1024K,  99% used [0x00000000cc970000, 0x00000000cca6f9d0, 0x00000000cca70000)
  to   space 1024K,   0% used [0x00000000cc870000, 0x00000000cc870000, 0x00000000cc970000)
 tenured generation   total 21376K, used 18036K [0x00000000d9e00000, 0x00000000db2e0000, 0x00000000f5a00000)
   the space 21376K,  84% used [0x00000000d9e00000, 0x00000000daf9d380, 0x00000000daf9d400, 0x00000000db2e0000)
 compacting perm gen  total 21248K, used 10459K [0x00000000f5a00000, 0x00000000f6ec0000, 0x0000000100000000)
   the space 21248K,  49% used [0x00000000f5a00000, 0x00000000f6436d68, 0x00000000f6436e00, 0x00000000f6ec0000)
No shared spaces configured.
Event: 10.019 GC heap after
Heap after GC invocations=20 (full 0):
 def new generation   total 9664K, used 82K [0x00000000cc000000, 0x00000000cca70000, 0x00000000d9e00000)
  eden space 8640K,   0% used [0x00000000cc000000, 0x00000000cc000000, 0x00000000cc870000)
  from space 1024K,   8% used [0x00000000cc870000, 0x00000000cc884938, 0x00000000cc970000)
  to   space 1024K,   0% used [0x00000000cc970000, 0x00000000cc970000, 0x00000000cca70000)
 tenured generation   total 21376K, used 18941K [0x00000000d9e00000, 0x00000000db2e0000, 0x00000000f5a00000)
   the space 21376K,  88% used [0x00000000d9e00000, 0x00000000db07f7f0, 0x00000000db07f800, 0x00000000db2e0000)
 compacting perm gen  total 21248K, used 10459K [0x00000000f5a00000, 0x00000000f6ec0000, 0x0000000100000000)
   the space 21248K,  49% used [0x00000000f5a00000, 0x00000000f6436d68, 0x00000000f6436e00, 0x00000000f6ec0000)
No shared spaces configured.
}
Event: 10.946 GC heap before
{Heap before GC invocations=20 (full 0):
 def new generation   total 9664K, used 8722K [0x00000000cc000000, 0x00000000cca70000, 0x00000000d9e00000)
  eden space 8640K, 100% used [0x00000000cc000000, 0x00000000cc870000, 0x00000000cc870000)
  from space 1024K,   8% used [0x00000000cc870000, 0x00000000cc884938, 0x00000000cc970000)
  to   space 1024K,   0% used [0x00000000cc970000, 0x00000000cc970000, 0x00000000cca70000)
 tenured generation   total 21376K, used 18941K [0x00000000d9e00000, 0x00000000db2e0000, 0x00000000f5a00000)
   the space 21376K,  88% used [0x00000000d9e00000, 0x00000000db07f7f0, 0x00000000db07f800, 0x00000000db2e0000)
 compacting perm gen  total 21248K, used 10491K [0x00000000f5a00000, 0x00000000f6ec0000, 0x0000000100000000)
   the space 21248K,  49% used [0x00000000f5a00000, 0x00000000f643ee78, 0x00000000f643f000, 0x00000000f6ec0000)
No shared spaces configured.
Event: 10.947 GC heap after
Heap after GC invocations=21 (full 0):
 def new generation   total 9664K, used 350K [0x00000000cc000000, 0x00000000cca70000, 0x00000000d9e00000)
  eden space 8640K,   0% used [0x00000000cc000000, 0x00000000cc000000, 0x00000000cc870000)
  from space 1024K,  34% used [0x00000000cc970000, 0x00000000cc9c78d8, 0x00000000cca70000)
  to   space 1024K,   0% used [0x00000000cc870000, 0x00000000cc870000, 0x00000000cc970000)
 tenured generation   total 21376K, used 18941K [0x00000000d9e00000, 0x00000000db2e0000, 0x00000000f5a00000)
   the space 21376K,  88% used [0x00000000d9e00000, 0x00000000db07f7f0, 0x00000000db07f800, 0x00000000db2e0000)
 compacting perm gen  total 21248K, used 10491K [0x00000000f5a00000, 0x00000000f6ec0000, 0x0000000100000000)
   the space 21248K,  49% used [0x00000000f5a00000, 0x00000000f643ee78, 0x00000000f643f000, 0x00000000f6ec0000)
No shared spaces configured.
}
Event: 11.604 GC heap before
{Heap before GC invocations=21 (full 0):
 def new generation   total 9664K, used 8990K [0x00000000cc000000, 0x00000000cca70000, 0x00000000d9e00000)
  eden space 8640K, 100% used [0x00000000cc000000, 0x00000000cc870000, 0x00000000cc870000)
  from space 1024K,  34% used [0x00000000cc970000, 0x00000000cc9c78d8, 0x00000000cca70000)
  to   space 1024K,   0% used [0x00000000cc870000, 0x00000000cc870000, 0x00000000cc970000)
 tenured generation   total 21376K, used 18941K [0x00000000d9e00000, 0x00000000db2e0000, 0x00000000f5a00000)
   the space 21376K,  88% used [0x00000000d9e00000, 0x00000000db07f7f0, 0x00000000db07f800, 0x00000000db2e0000)
 compacting perm gen  total 21248K, used 10503K [0x00000000f5a00000, 0x00000000f6ec0000, 0x0000000100000000)
   the space 21248K,  49% used [0x00000000f5a00000, 0x00000000f6441f88, 0x00000000f6442000, 0x00000000f6ec0000)
No shared spaces configured.
Event: 11.605 GC heap after
Heap after GC invocations=22 (full 0):
 def new generation   total 9664K, used 410K [0x00000000cc000000, 0x00000000cca70000, 0x00000000d9e00000)
  eden space 8640K,   0% used [0x00000000cc000000, 0x00000000cc000000, 0x00000000cc870000)
  from space 1024K,  40% used [0x00000000cc870000, 0x00000000cc8d6be0, 0x00000000cc970000)
  to   space 1024K,   0% used [0x00000000cc970000, 0x00000000cc970000, 0x00000000cca70000)
 tenured generation   total 21376K, used 18941K [0x00000000d9e00000, 0x00000000db2e0000, 0x00000000f5a00000)
   the space 21376K,  88% used [0x00000000d9e00000, 0x00000000db07f7f0, 0x00000000db07f800, 0x00000000db2e0000)
 compacting perm gen  total 21248K, used 10503K [0x00000000f5a00000, 0x00000000f6ec0000, 0x0000000100000000)
   the space 21248K,  49% used [0x00000000f5a00000, 0x00000000f6441f88, 0x00000000f6442000, 0x00000000f6ec0000)
No shared spaces configured.
}
Event: 12.347 GC heap before
{Heap before GC invocations=22 (full 0):
 def new generation   total 9664K, used 9050K [0x00000000cc000000, 0x00000000cca70000, 0x00000000d9e00000)
  eden space 8640K, 100% used [0x00000000cc000000, 0x00000000cc870000, 0x00000000cc870000)
  from space 1024K,  40% used [0x00000000cc870000, 0x00000000cc8d6be0, 0x00000000cc970000)
  to   space 1024K,   0% used [0x00000000cc970000, 0x00000000cc970000, 0x00000000cca70000)
 tenured generation   total 21376K, used 18941K [0x00000000d9e00000, 0x00000000db2e0000, 0x00000000f5a00000)
   the space 21376K,  88% used [0x00000000d9e00000, 0x00000000db07f7f0, 0x00000000db07f800, 0x00000000db2e0000)
 compacting perm gen  total 21248K, used 10513K [0x00000000f5a00000, 0x00000000f6ec0000, 0x0000000100000000)
   the space 21248K,  49% used [0x00000000f5a00000, 0x00000000f64444a8, 0x00000000f6444600, 0x00000000f6ec0000)
No shared spaces configured.
Event: 12.348 GC heap after
Heap after GC invocations=23 (full 0):
 def new generation   total 9664K, used 586K [0x00000000cc000000, 0x00000000cca70000, 0x00000000d9e00000)
  eden space 8640K,   0% used [0x00000000cc000000, 0x00000000cc000000, 0x00000000cc870000)
  from space 1024K,  57% used [0x00000000cc970000, 0x00000000cca02ae0, 0x00000000cca70000)
  to   space 1024K,   0% used [0x00000000cc870000, 0x00000000cc870000, 0x00000000cc970000)
 tenured generation   total 21376K, used 18941K [0x00000000d9e00000, 0x00000000db2e0000, 0x00000000f5a00000)
   the space 21376K,  88% used [0x00000000d9e00000, 0x00000000db07f7f0, 0x00000000db07f800, 0x00000000db2e0000)
 compacting perm gen  total 21248K, used 10513K [0x00000000f5a00000, 0x00000000f6ec0000, 0x0000000100000000)
   the space 21248K,  49% used [0x00000000f5a00000, 0x00000000f64444a8, 0x00000000f6444600, 0x00000000f6ec0000)
No shared spaces configured.
}

